<?xml version="1.0" encoding="UTF-8"?>
<!-- Generated by org.testng.reporters.JUnitReportReporter -->
<testsuite hostname="silvershades" failures="0" tests="1" name="testng.ps1" time="9.379" errors="0" timestamp="2022-03-23T15:15:35 IST" skipped="0">
  <testcase classname="testng.ps1" name="test1" time="9.379"/>
  <system-out/>
</testsuite> <!-- testng.ps1 -->
