<?xml version="1.0" encoding="UTF-8"?>
<!-- Generated by org.testng.reporters.JUnitReportReporter -->
<testsuite hostname="silvershades" failures="0" tests="2" name="testng.crrosssb" time="40.075" errors="0" timestamp="2022-03-24T21:51:42 IST" skipped="0">
  <testcase classname="testng.crrosssb" name="cb3" time="23.504"/>
  <system-out/>
  <testcase classname="testng.crrosssb" name="cb3" time="16.571"/>
  <system-out/>
</testsuite> <!-- testng.crrosssb -->
