<?xml version="1.0" encoding="UTF-8"?>
<!-- Generated by org.testng.reporters.JUnitReportReporter -->
<testsuite hostname="silvershades" failures="0" tests="3" name="testng.Annotations" time="0.009" errors="0" timestamp="2022-03-21T13:42:59 IST" skipped="0">
  <testcase classname="testng.Annotations" name="test1" time="0.005"/>
  <system-out>
    <![CDATA[12345]]>
  </system-out>
  <testcase classname="testng.Annotations" name="test2" time="0.002"/>
  <system-out>
    <![CDATA[9875]]>
  </system-out>
  <testcase classname="testng.Annotations" name="test3" time="0.002"/>
  <system-out>
    <![CDATA[6532]]>
  </system-out>
</testsuite> <!-- testng.Annotations -->
