<?xml version="1.0" encoding="UTF-8"?>
<!-- Generated by org.testng.reporters.JUnitReportReporter -->
<testsuite hostname="silvershades" failures="0" tests="3" name="testng.Includeexclude" time="0.024" errors="0" timestamp="2022-03-22T19:12:57 IST" skipped="0">
  <testcase classname="testng.Includeexclude" name="test5" time="0.004"/>
  <system-out>
    <![CDATA[cgvsdcjs]]>
  </system-out>
  <testcase classname="testng.Includeexclude" name="test1" time="0.017"/>
  <system-out>
    <![CDATA[cgvsdcjs]]>
  </system-out>
  <testcase classname="testng.Includeexclude" name="test3" time="0.003"/>
  <system-out>
    <![CDATA[cgvsdcjs]]>
  </system-out>
</testsuite> <!-- testng.Includeexclude -->
