<?xml version="1.0" encoding="UTF-8"?>
<!-- Generated by org.testng.reporters.JUnitReportReporter -->
<testsuite hostname="silvershades" failures="0" tests="1" name="testng.paraala1" time="18.619" errors="0" timestamp="2022-03-23T14:57:50 IST" skipped="0">
  <testcase classname="testng.paraala1" name="test" time="18.619"/>
  <system-out/>
</testsuite> <!-- testng.paraala1 -->
