<?xml version="1.0" encoding="UTF-8"?>
<!-- Generated by org.testng.reporters.JUnitReportReporter -->
<testsuite hostname="silvershades" failures="0" tests="1" name="Testclass29march.useridvalidate1" time="8.601" errors="0" timestamp="2022-03-29T14:58:42 IST" skipped="0">
  <testcase classname="Testclass29march.useridvalidate1" name="validateuserid" time="8.601"/>
  <system-out/>
</testsuite> <!-- Testclass29march.useridvalidate1 -->
