<?xml version="1.0" encoding="UTF-8"?>
<!-- Generated by org.testng.reporters.JUnitReportReporter -->
<testsuite hostname="silvershades" failures="0" tests="2" name="testng.crossb" time="37.986" errors="0" timestamp="2022-03-24T16:43:09 IST" skipped="0">
  <testcase classname="testng.crossb" name="crossb1" time="22.229"/>
  <system-out/>
  <testcase classname="testng.crossb" name="crossb1" time="15.757"/>
  <system-out/>
</testsuite> <!-- testng.crossb -->
