<?xml version="1.0" encoding="UTF-8"?>
<!-- Generated by org.testng.reporters.JUnitReportReporter -->
<testsuite hostname="silvershades" failures="0" tests="1" name="Testclass31march.forerroruser" time="0.355" errors="0" timestamp="2022-03-31T15:21:14 IST" skipped="0">
  <testcase classname="Testclass31march.forerroruser" name="validateusereroor" time="0.355"/>
  <system-out/>
</testsuite> <!-- Testclass31march.forerroruser -->
