<?xml version="1.0" encoding="UTF-8"?>
<!-- Generated by org.testng.reporters.JUnitReportReporter -->
<testsuite hostname="silvershades" failures="0" tests="5" name="testng.NewTest1" time="58.369" errors="0" timestamp="2022-03-18T11:31:50 IST" skipped="0">
  <testcase classname="testng.NewTest1" name="forfacebook" time="9.409"/>
  <system-out/>
  <testcase classname="testng.NewTest1" name="foramazon" time="13.392"/>
  <system-out/>
  <testcase classname="testng.NewTest1" name="forwhatsup" time="11.421"/>
  <system-out/>
  <testcase classname="testng.NewTest1" name="foryoutube" time="11.843"/>
  <system-out/>
  <testcase classname="testng.NewTest1" name="forvctc" time="12.304"/>
  <system-out/>
</testsuite> <!-- testng.NewTest1 -->
