<?xml version="1.0" encoding="UTF-8"?>
<!-- Generated by org.testng.reporters.JUnitReportReporter -->
<testsuite hostname="silvershades" failures="0" tests="2" name="testng.crossbrowser" time="44.990" errors="0" timestamp="2022-03-24T16:33:51 IST" skipped="0">
  <testcase classname="testng.crossbrowser" name="crossbrowser" time="27.362"/>
  <system-out/>
  <testcase classname="testng.crossbrowser" name="crossbrowser" time="17.628"/>
  <system-out/>
</testsuite> <!-- testng.crossbrowser -->
