<?xml version="1.0" encoding="UTF-8"?>
<!-- Generated by org.testng.reporters.JUnitReportReporter -->
<testsuite hostname="silvershades" failures="0" tests="1" name="Kiteappusingpomandtestng.By_using_pom_and_testng" time="15.151" errors="0" timestamp="2022-03-25T14:31:41 IST" skipped="0">
  <testcase classname="Kiteappusingpomandtestng.By_using_pom_and_testng" name="validateuserid" time="15.151"/>
  <system-out>
    <![CDATA[validating userid
validating userid got sucess]]>
  </system-out>
</testsuite> <!-- Kiteappusingpomandtestng.By_using_pom_and_testng -->
