<?xml version="1.0" encoding="UTF-8"?>
<!-- Generated by org.testng.reporters.JUnitReportReporter -->
<testsuite hostname="silvershades" failures="0" tests="1" name="Testclass31march.Withproperties" time="9.275" errors="0" timestamp="2022-03-31T13:22:36 IST" skipped="0">
  <testcase classname="Testclass31march.Withproperties" name="Validateuseeeerid" time="9.275"/>
  <system-out/>
</testsuite> <!-- Testclass31march.Withproperties -->
