<?xml version="1.0" encoding="UTF-8"?>
<!-- Generated by org.testng.reporters.JUnitReportReporter -->
<testsuite hostname="silvershades" failures="0" tests="1" name="Testclass29march.forpasserror" time="2.034" errors="0" timestamp="2022-03-29T16:44:10 IST" skipped="0">
  <testcase classname="Testclass29march.forpasserror" name="errorforpass" time="2.034"/>
  <system-out/>
</testsuite> <!-- Testclass29march.forpasserror -->
