<?xml version="1.0" encoding="UTF-8"?>
<!-- Generated by org.testng.reporters.JUnitReportReporter -->
<testsuite hostname="silvershades" failures="0" tests="1" name="testng.assertclass" time="0.010" errors="0" timestamp="2022-03-23T15:23:43 IST" skipped="0">
  <testcase classname="testng.assertclass" name="test1" time="0.010"/>
  <system-out/>
</testsuite> <!-- testng.assertclass -->
