<?xml version="1.0" encoding="UTF-8"?>
<!-- Generated by org.testng.reporters.JUnitReportReporter -->
<testsuite hostname="silvershades" failures="0" tests="1" name="testng.parallel2" time="9.354" errors="0" timestamp="2022-03-23T14:57:50 IST" skipped="0">
  <testcase classname="testng.parallel2" name="test3" time="9.354"/>
  <system-out/>
</testsuite> <!-- testng.parallel2 -->
