<?xml version="1.0" encoding="UTF-8"?>
<!-- Generated by org.testng.reporters.JUnitReportReporter -->
<testsuite hostname="silvershades" failures="0" tests="1" name="Testclass29march.useridvalidation" time="10.288" errors="0" timestamp="2022-03-29T14:44:08 IST" skipped="0">
  <testcase classname="Testclass29march.useridvalidation" name="Validateuserid" time="10.288"/>
  <system-out/>
</testsuite> <!-- Testclass29march.useridvalidation -->
