<?xml version="1.0" encoding="UTF-8"?>
<!-- Generated by org.testng.reporters.JUnitReportReporter -->
<testsuite hostname="silvershades" failures="0" tests="1" name="testng.ps2" time="30.629" errors="0" timestamp="2022-03-23T15:15:35 IST" skipped="0">
  <testcase classname="testng.ps2" name="test2" time="30.629"/>
  <system-out/>
</testsuite> <!-- testng.ps2 -->
