<?xml version="1.0" encoding="UTF-8"?>
<!-- Generated by org.testng.reporters.JUnitReportReporter -->
<testsuite hostname="silvershades" failures="0" tests="2" name="testng.Mytest" time="0.010" errors="0" timestamp="2022-03-23T15:37:05 IST" skipped="0">
  <testcase classname="testng.Mytest" name="Test4" time="0.000"/>
  <system-out/>
  <testcase classname="testng.Mytest" name="Test2" time="0.010"/>
  <system-out/>
</testsuite> <!-- testng.Mytest -->
