<?xml version="1.0" encoding="UTF-8"?>
<!-- Generated by org.testng.reporters.JUnitReportReporter -->
<testsuite hostname="silvershades" failures="0" tests="2" name="Kiteappusingpomandtestng.By_testclass_using_if_else" time="27.101" errors="0" timestamp="2022-03-25T15:17:01 IST" skipped="0">
  <testcase classname="Kiteappusingpomandtestng.By_testclass_using_if_else" name="validateuserid" time="13.411"/>
  <system-out/>
  <testcase classname="Kiteappusingpomandtestng.By_testclass_using_if_else" name="validateuserid" time="13.690"/>
  <system-out/>
</testsuite> <!-- Kiteappusingpomandtestng.By_testclass_using_if_else -->
